<?xml version="1.0" encoding="UTF-8"?>
<!-- Generated by org.testng.reporters.JUnitReportReporter -->
<testsuite hostname="LAPTOP-ENKKSIDV" failures="0" tests="1" name="testrunner.OrderTest" time="13.623" errors="0" timestamp="2025-03-21T02:15:01 IST" skipped="0">
  <testcase classname="testrunner.OrderTest" name="runScenario" time="13.623"/>
  <system-out/>
</testsuite> <!-- testrunner.OrderTest -->
