<?xml version="1.0" encoding="UTF-8"?>
<!-- Generated by org.testng.reporters.JUnitReportReporter -->
<testsuite hostname="LAPTOP-ENKKSIDV" failures="0" tests="4" name="testrunner.SearchFunctionalityTest" time="20.134" errors="0" timestamp="2025-03-21T02:15:01 IST" skipped="0">
  <testcase classname="testrunner.SearchFunctionalityTest" name="runScenario" time="4.948"/>
  <system-out/>
  <testcase classname="testrunner.SearchFunctionalityTest" name="runScenario" time="5.054"/>
  <system-out/>
  <testcase classname="testrunner.SearchFunctionalityTest" name="runScenario" time="5.151"/>
  <system-out/>
  <testcase classname="testrunner.SearchFunctionalityTest" name="runScenario" time="4.981"/>
  <system-out/>
</testsuite> <!-- testrunner.SearchFunctionalityTest -->
