<?xml version="1.0" encoding="UTF-8"?>
<!-- Generated by org.testng.reporters.JUnitReportReporter -->
<testsuite hostname="LAPTOP-ENKKSIDV" failures="0" tests="4" name="testrunner.SearchTest" time="26.965" errors="0" timestamp="2025-03-21T03:38:46 IST" skipped="0">
  <testcase classname="testrunner.SearchTest" name="runScenario" time="6.006"/>
  <system-out/>
  <testcase classname="testrunner.SearchTest" name="runScenario" time="5.736"/>
  <system-out/>
  <testcase classname="testrunner.SearchTest" name="runScenario" time="5.658"/>
  <system-out/>
  <testcase classname="testrunner.SearchTest" name="runScenario" time="9.565"/>
  <system-out/>
</testsuite> <!-- testrunner.SearchTest -->
