<?xml version="1.0" encoding="UTF-8"?>
<!-- Generated by org.testng.reporters.JUnitReportReporter -->
<testsuite hostname="LAPTOP-ENKKSIDV" failures="0" tests="1" name="testrunner.RegisterTest" time="5.651" errors="0" timestamp="2025-03-21T02:15:01 IST" skipped="0">
  <testcase classname="testrunner.RegisterTest" name="runScenario" time="5.651"/>
  <system-out/>
</testsuite> <!-- testrunner.RegisterTest -->
