<?xml version="1.0" encoding="UTF-8"?>
<!-- Generated by org.testng.reporters.JUnitReportReporter -->
<testsuite hostname="LAPTOP-ENKKSIDV" failures="0" tests="3" name="testrunner.ProductTest" time="15.268" errors="0" timestamp="2025-03-21T02:16:51 IST" skipped="0">
  <testcase classname="testrunner.ProductTest" name="runScenario" time="5.728"/>
  <system-out/>
  <testcase classname="testrunner.ProductTest" name="runScenario" time="4.686"/>
  <system-out/>
  <testcase classname="testrunner.ProductTest" name="runScenario" time="4.854"/>
  <system-out/>
</testsuite> <!-- testrunner.ProductTest -->
